2018-05-17 10:54:28 INFO  org.hibernate.Version     - HHH000412: Hibernate Core {5.2.16.Final}
2018-05-17 10:54:28 INFO  org.hibernate.cfg.Environment     - HHH000206: hibernate.properties not found
2018-05-17 10:54:28 INFO  org.hibernate.annotations.common.Version     - HCANN000001: Hibernate Commons Annotations {5.0.1.Final}
2018-05-17 10:54:29 WARN  org.hibernate.orm.connections.pooling     - HHH10001002: Using Hibernate built-in connection pool (not for production use!)
2018-05-17 10:54:29 INFO  org.hibernate.orm.connections.pooling     - HHH10001005: using driver [org.postgresql.Driver] at URL [jdbc:postgresql://localhost:5432/postgres]
2018-05-17 10:54:29 INFO  org.hibernate.orm.connections.pooling     - HHH10001001: Connection properties: {user=postgres, password=****}
2018-05-17 10:54:29 INFO  org.hibernate.orm.connections.pooling     - HHH10001003: Autocommit mode: false
2018-05-17 10:54:29 INFO  org.hibernate.engine.jdbc.connections.internal.DriverManagerConnectionProviderImpl     - HHH000115: Hibernate connection pool size: 1 (min=1)
2018-05-17 10:54:29 INFO  org.hibernate.dialect.Dialect     - HHH000400: Using dialect: org.hibernate.dialect.PostgreSQLDialect
2018-05-17 10:54:29 INFO  org.hibernate.engine.jdbc.env.internal.LobCreatorBuilderImpl     - HHH000424: Disabling contextual LOB creation as createClob() method threw error : java.lang.reflect.InvocationTargetException
2018-05-17 10:54:29 INFO  org.hibernate.type.BasicTypeRegistry     - HHH000270: Type registration [java.util.UUID] overrides previous : org.hibernate.type.UUIDBinaryType@503ecb24
2018-05-17 10:54:30 INFO  org.hibernate.validator.internal.util.Version     - HV000001: Hibernate Validator 6.0.2.Final
2018-05-17 10:54:30 INFO  org.hibernate.orm.connections.access     - HHH10001501: Connection obtained from JdbcConnectionAccess [org.hibernate.engine.jdbc.env.internal.JdbcEnvironmentInitiator$ConnectionProviderJdbcConnectionAccess@2f7dcef2] for (non-JTA) DDL execution was not in auto-commit mode; the Connection 'local transaction' will be committed and the Connection will be set into auto-commit mode.
2018-05-17 10:54:30 INFO  org.hibernate.hql.internal.QueryTranslatorFactoryInitiator     - HHH000397: Using ASTQueryTranslatorFactory
2018-05-17 10:57:23 INFO  org.hibernate.Version     - HHH000412: Hibernate Core {5.2.16.Final}
2018-05-17 10:57:23 INFO  org.hibernate.cfg.Environment     - HHH000206: hibernate.properties not found
2018-05-17 10:57:24 INFO  org.hibernate.annotations.common.Version     - HCANN000001: Hibernate Commons Annotations {5.0.1.Final}
2018-05-17 10:57:24 WARN  org.hibernate.orm.connections.pooling     - HHH10001002: Using Hibernate built-in connection pool (not for production use!)
2018-05-17 10:57:24 INFO  org.hibernate.orm.connections.pooling     - HHH10001005: using driver [org.postgresql.Driver] at URL [jdbc:postgresql://localhost:5432/postgres]
2018-05-17 10:57:24 INFO  org.hibernate.orm.connections.pooling     - HHH10001001: Connection properties: {user=postgres, password=****}
2018-05-17 10:57:24 INFO  org.hibernate.orm.connections.pooling     - HHH10001003: Autocommit mode: false
2018-05-17 10:57:24 INFO  org.hibernate.engine.jdbc.connections.internal.DriverManagerConnectionProviderImpl     - HHH000115: Hibernate connection pool size: 1 (min=1)
2018-05-17 10:57:24 INFO  org.hibernate.dialect.Dialect     - HHH000400: Using dialect: org.hibernate.dialect.PostgreSQLDialect
2018-05-17 10:57:24 INFO  org.hibernate.engine.jdbc.env.internal.LobCreatorBuilderImpl     - HHH000424: Disabling contextual LOB creation as createClob() method threw error : java.lang.reflect.InvocationTargetException
2018-05-17 10:57:24 INFO  org.hibernate.type.BasicTypeRegistry     - HHH000270: Type registration [java.util.UUID] overrides previous : org.hibernate.type.UUIDBinaryType@70a36a66
2018-05-17 10:57:24 INFO  org.hibernate.validator.internal.util.Version     - HV000001: Hibernate Validator 6.0.2.Final
2018-05-17 10:57:25 INFO  org.hibernate.orm.connections.access     - HHH10001501: Connection obtained from JdbcConnectionAccess [org.hibernate.engine.jdbc.env.internal.JdbcEnvironmentInitiator$ConnectionProviderJdbcConnectionAccess@1c504e66] for (non-JTA) DDL execution was not in auto-commit mode; the Connection 'local transaction' will be committed and the Connection will be set into auto-commit mode.
2018-05-17 10:57:25 INFO  org.hibernate.hql.internal.QueryTranslatorFactoryInitiator     - HHH000397: Using ASTQueryTranslatorFactory
2018-05-17 10:58:52 INFO  org.hibernate.Version     - HHH000412: Hibernate Core {5.2.16.Final}
2018-05-17 10:58:52 INFO  org.hibernate.cfg.Environment     - HHH000206: hibernate.properties not found
2018-05-17 10:58:52 INFO  org.hibernate.annotations.common.Version     - HCANN000001: Hibernate Commons Annotations {5.0.1.Final}
2018-05-17 10:58:52 WARN  org.hibernate.orm.connections.pooling     - HHH10001002: Using Hibernate built-in connection pool (not for production use!)
2018-05-17 10:58:52 INFO  org.hibernate.orm.connections.pooling     - HHH10001005: using driver [org.postgresql.Driver] at URL [jdbc:postgresql://localhost:5432/postgres]
2018-05-17 10:58:52 INFO  org.hibernate.orm.connections.pooling     - HHH10001001: Connection properties: {user=postgres, password=****}
2018-05-17 10:58:52 INFO  org.hibernate.orm.connections.pooling     - HHH10001003: Autocommit mode: false
2018-05-17 10:58:52 INFO  org.hibernate.engine.jdbc.connections.internal.DriverManagerConnectionProviderImpl     - HHH000115: Hibernate connection pool size: 1 (min=1)
2018-05-17 10:58:52 INFO  org.hibernate.dialect.Dialect     - HHH000400: Using dialect: org.hibernate.dialect.PostgreSQLDialect
2018-05-17 10:58:53 INFO  org.hibernate.engine.jdbc.env.internal.LobCreatorBuilderImpl     - HHH000424: Disabling contextual LOB creation as createClob() method threw error : java.lang.reflect.InvocationTargetException
2018-05-17 10:58:53 INFO  org.hibernate.type.BasicTypeRegistry     - HHH000270: Type registration [java.util.UUID] overrides previous : org.hibernate.type.UUIDBinaryType@70a36a66
2018-05-17 10:58:53 INFO  org.hibernate.validator.internal.util.Version     - HV000001: Hibernate Validator 6.0.2.Final
2018-05-17 10:58:54 INFO  org.hibernate.orm.connections.access     - HHH10001501: Connection obtained from JdbcConnectionAccess [org.hibernate.engine.jdbc.env.internal.JdbcEnvironmentInitiator$ConnectionProviderJdbcConnectionAccess@1c504e66] for (non-JTA) DDL execution was not in auto-commit mode; the Connection 'local transaction' will be committed and the Connection will be set into auto-commit mode.
2018-05-17 10:58:54 INFO  org.hibernate.hql.internal.QueryTranslatorFactoryInitiator     - HHH000397: Using ASTQueryTranslatorFactory
2018-05-17 10:59:05 INFO  org.hibernate.Version     - HHH000412: Hibernate Core {5.2.16.Final}
2018-05-17 10:59:05 INFO  org.hibernate.cfg.Environment     - HHH000206: hibernate.properties not found
2018-05-17 10:59:06 INFO  org.hibernate.annotations.common.Version     - HCANN000001: Hibernate Commons Annotations {5.0.1.Final}
2018-05-17 10:59:06 WARN  org.hibernate.orm.connections.pooling     - HHH10001002: Using Hibernate built-in connection pool (not for production use!)
2018-05-17 10:59:06 INFO  org.hibernate.orm.connections.pooling     - HHH10001005: using driver [org.postgresql.Driver] at URL [jdbc:postgresql://localhost:5432/postgres]
2018-05-17 10:59:06 INFO  org.hibernate.orm.connections.pooling     - HHH10001001: Connection properties: {user=postgres, password=****}
2018-05-17 10:59:06 INFO  org.hibernate.orm.connections.pooling     - HHH10001003: Autocommit mode: false
2018-05-17 10:59:06 INFO  org.hibernate.engine.jdbc.connections.internal.DriverManagerConnectionProviderImpl     - HHH000115: Hibernate connection pool size: 1 (min=1)
2018-05-17 10:59:06 INFO  org.hibernate.dialect.Dialect     - HHH000400: Using dialect: org.hibernate.dialect.PostgreSQLDialect
2018-05-17 10:59:06 INFO  org.hibernate.engine.jdbc.env.internal.LobCreatorBuilderImpl     - HHH000424: Disabling contextual LOB creation as createClob() method threw error : java.lang.reflect.InvocationTargetException
2018-05-17 10:59:06 INFO  org.hibernate.type.BasicTypeRegistry     - HHH000270: Type registration [java.util.UUID] overrides previous : org.hibernate.type.UUIDBinaryType@70a36a66
2018-05-17 10:59:06 INFO  org.hibernate.validator.internal.util.Version     - HV000001: Hibernate Validator 6.0.2.Final
2018-05-17 10:59:07 INFO  org.hibernate.orm.connections.access     - HHH10001501: Connection obtained from JdbcConnectionAccess [org.hibernate.engine.jdbc.env.internal.JdbcEnvironmentInitiator$ConnectionProviderJdbcConnectionAccess@1c504e66] for (non-JTA) DDL execution was not in auto-commit mode; the Connection 'local transaction' will be committed and the Connection will be set into auto-commit mode.
2018-05-17 10:59:07 INFO  org.hibernate.hql.internal.QueryTranslatorFactoryInitiator     - HHH000397: Using ASTQueryTranslatorFactory
2018-05-17 10:59:44 INFO  org.hibernate.Version     - HHH000412: Hibernate Core {5.2.16.Final}
2018-05-17 10:59:44 INFO  org.hibernate.cfg.Environment     - HHH000206: hibernate.properties not found
2018-05-17 10:59:44 INFO  org.hibernate.annotations.common.Version     - HCANN000001: Hibernate Commons Annotations {5.0.1.Final}
2018-05-17 10:59:44 WARN  org.hibernate.orm.connections.pooling     - HHH10001002: Using Hibernate built-in connection pool (not for production use!)
2018-05-17 10:59:44 INFO  org.hibernate.orm.connections.pooling     - HHH10001005: using driver [org.postgresql.Driver] at URL [jdbc:postgresql://localhost:5432/postgres]
2018-05-17 10:59:44 INFO  org.hibernate.orm.connections.pooling     - HHH10001001: Connection properties: {user=postgres, password=****}
2018-05-17 10:59:44 INFO  org.hibernate.orm.connections.pooling     - HHH10001003: Autocommit mode: false
2018-05-17 10:59:44 INFO  org.hibernate.engine.jdbc.connections.internal.DriverManagerConnectionProviderImpl     - HHH000115: Hibernate connection pool size: 1 (min=1)
2018-05-17 10:59:45 INFO  org.hibernate.dialect.Dialect     - HHH000400: Using dialect: org.hibernate.dialect.PostgreSQLDialect
2018-05-17 10:59:45 INFO  org.hibernate.engine.jdbc.env.internal.LobCreatorBuilderImpl     - HHH000424: Disabling contextual LOB creation as createClob() method threw error : java.lang.reflect.InvocationTargetException
2018-05-17 10:59:45 INFO  org.hibernate.type.BasicTypeRegistry     - HHH000270: Type registration [java.util.UUID] overrides previous : org.hibernate.type.UUIDBinaryType@70a36a66
2018-05-17 10:59:45 INFO  org.hibernate.validator.internal.util.Version     - HV000001: Hibernate Validator 6.0.2.Final
2018-05-17 10:59:46 INFO  org.hibernate.orm.connections.access     - HHH10001501: Connection obtained from JdbcConnectionAccess [org.hibernate.engine.jdbc.env.internal.JdbcEnvironmentInitiator$ConnectionProviderJdbcConnectionAccess@1c504e66] for (non-JTA) DDL execution was not in auto-commit mode; the Connection 'local transaction' will be committed and the Connection will be set into auto-commit mode.
2018-05-17 10:59:46 INFO  org.hibernate.hql.internal.QueryTranslatorFactoryInitiator     - HHH000397: Using ASTQueryTranslatorFactory
